2025-06-18 08:52:55 | INFO     | app.data.column_mapping: column_mapping importado.
2025-06-18 08:52:56 | INFO     | app.data.data_manager: Cliente Supabase inicializado.
2025-06-18 08:53:45 | INFO     | app.data.column_mapping: column_mapping importado.
2025-06-18 08:53:45 | INFO     | app.data.data_manager: Cliente Supabase inicializado.
2025-06-18 08:54:06 | INFO     | app.data.column_mapping: column_mapping importado.
2025-06-18 08:54:07 | INFO     | app.data.data_manager: Cliente Supabase inicializado.
2025-06-18 08:54:29 | INFO     | app.data.column_mapping: column_mapping importado.
2025-06-18 08:54:29 | INFO     | app.data.data_manager: Cliente Supabase inicializado.
2025-06-18 08:54:51 | INFO     | app.data.column_mapping: column_mapping importado.
2025-06-18 08:54:51 | INFO     | app.data.data_manager: Cliente Supabase inicializado.
2025-06-18 08:54:51 | INFO     | app.data.data_manager: carregando baseeshows…
2025-06-18 08:55:12 | INFO     | app.data.data_manager: [baseeshows] baixado: 205672 linhas × 26 col
2025-06-18 08:55:14 | INFO     | app.data.modulobase: [BaseEshows] Linhas finais: 205665 | Excluídas: 7
2025-06-18 08:55:14 | INFO     | app.data.data_manager: carregando base2…
2025-06-18 08:55:14 | INFO     | app.data.data_manager: [base2] baixado: 37 linhas × 53 col
2025-06-18 08:55:14 | INFO     | app.data.modulobase: [modulobase] Base2 carregada: (36, 56)
2025-06-18 08:55:14 | INFO     | app.data.data_manager: carregando ocorrencias…
2025-06-18 08:55:14 | ERROR    | app.data.data_manager: [ocorrencias] página 1: relation "public.ocorrencias" does not exist
2025-06-18 08:55:14 | ERROR    | app.data.data_manager: [ocorrencias] Fetch retornou vazio!
2025-06-18 08:55:14 | INFO     | app.data.data_manager: carregando boletocasas…
2025-06-18 08:55:15 | INFO     | app.data.data_manager: [boletocasas] baixado: 16191 linhas × 12 col
2025-06-18 08:55:15 | INFO     | app.data.data_manager: carregando boletoartistas…
2025-06-18 08:55:25 | INFO     | app.data.data_manager: [boletoartistas] baixado: 138608 linhas × 10 col
2025-06-18 08:55:25 | INFO     | app.data.modulobase: [modulobase] Inad – casas (16191, 12) | artistas (138608, 5)
2025-06-18 08:55:25 | INFO     | app.data.data_manager: carregando pessoas…
2025-06-18 08:55:25 | INFO     | app.data.data_manager: [pessoas] baixado: 94 linhas × 35 col
2025-06-18 08:55:25 | INFO     | app.data.modulobase: [modulobase] Pessoas carregada: (94, 40)
2025-06-18 08:55:25 | INFO     | app.data.data_manager: carregando npsartistas…
2025-06-18 08:55:25 | INFO     | app.data.data_manager: [npsartistas] baixado: 259 linhas × 8 col
2025-06-18 08:55:25 | INFO     | app.data.modulobase: [modulobase] NPSArtistas carregado: (259, 8)
2025-06-18 08:56:08 | INFO     | app.data.column_mapping: column_mapping importado.
2025-06-18 08:56:09 | INFO     | app.data.data_manager: Cliente Supabase inicializado.
2025-06-18 08:56:09 | INFO     | app.data.data_manager: carregando baseeshows…
2025-06-18 08:56:09 | INFO     | app.data.data_manager: [baseeshows] carregado do Parquet (205672 linhas)
2025-06-18 08:56:09 | INFO     | app.data.modulobase: [BaseEshows] Linhas finais: 205665 | Excluídas: 7
2025-06-18 08:56:09 | INFO     | app.data.data_manager: carregando base2…
2025-06-18 08:56:09 | INFO     | app.data.data_manager: [base2] carregado do Parquet (37 linhas)
2025-06-18 08:56:09 | INFO     | app.data.modulobase: [modulobase] Base2 carregada: (36, 56)
2025-06-18 08:56:09 | INFO     | app.data.data_manager: carregando ocorrencias…
2025-06-18 08:56:09 | WARNING  | app.data.data_manager: [ocorrencias] Parquet cache vazio, removendo...
2025-06-18 08:56:10 | ERROR    | app.data.data_manager: [ocorrencias] página 1: relation "public.ocorrencias" does not exist
2025-06-18 08:56:10 | ERROR    | app.data.data_manager: [ocorrencias] Fetch retornou vazio!
2025-06-18 08:56:10 | INFO     | app.data.data_manager: carregando boletocasas…
2025-06-18 08:56:10 | INFO     | app.data.data_manager: [boletocasas] carregado do Parquet (16191 linhas)
2025-06-18 08:56:10 | INFO     | app.data.data_manager: carregando boletoartistas…
2025-06-18 08:56:10 | INFO     | app.data.data_manager: [boletoartistas] carregado do Parquet (138608 linhas)
2025-06-18 08:56:10 | INFO     | app.data.modulobase: [modulobase] Inad – casas (16191, 12) | artistas (138608, 5)
2025-06-18 08:56:10 | INFO     | app.data.data_manager: carregando pessoas…
2025-06-18 08:56:10 | INFO     | app.data.data_manager: [pessoas] carregado do Parquet (94 linhas)
2025-06-18 08:56:10 | INFO     | app.data.modulobase: [modulobase] Pessoas carregada: (94, 40)
2025-06-18 08:56:10 | INFO     | app.data.data_manager: carregando npsartistas…
2025-06-18 08:56:10 | INFO     | app.data.data_manager: [npsartistas] carregado do Parquet (259 linhas)
2025-06-18 08:56:10 | INFO     | app.data.modulobase: [modulobase] NPSArtistas carregado: (259, 8)
2025-06-18 08:57:02 | INFO     | app.data.column_mapping: column_mapping importado.
2025-06-18 08:57:03 | INFO     | app.data.data_manager: Cliente Supabase inicializado.
2025-06-18 08:57:03 | INFO     | app.data.data_manager: carregando baseeshows…
2025-06-18 08:57:03 | INFO     | app.data.data_manager: [baseeshows] carregado do Parquet (205672 linhas)
2025-06-18 08:57:03 | INFO     | app.data.modulobase: [BaseEshows] Linhas finais: 205665 | Excluídas: 7
2025-06-18 08:57:03 | INFO     | app.data.data_manager: carregando base2…
2025-06-18 08:57:03 | INFO     | app.data.data_manager: [base2] carregado do Parquet (37 linhas)
2025-06-18 08:57:03 | INFO     | app.data.modulobase: [modulobase] Base2 carregada: (36, 56)
2025-06-18 08:57:03 | INFO     | app.data.data_manager: carregando ocorrencias…
2025-06-18 08:57:03 | WARNING  | app.data.data_manager: [ocorrencias] Parquet cache vazio, removendo...
2025-06-18 08:57:04 | ERROR    | app.data.data_manager: [ocorrencias] página 1: relation "public.ocorrencias" does not exist
2025-06-18 08:57:04 | ERROR    | app.data.data_manager: [ocorrencias] Fetch retornou vazio!
2025-06-18 08:57:04 | INFO     | app.data.data_manager: carregando boletocasas…
2025-06-18 08:57:04 | INFO     | app.data.data_manager: [boletocasas] carregado do Parquet (16191 linhas)
2025-06-18 08:57:04 | INFO     | app.data.data_manager: carregando boletoartistas…
2025-06-18 08:57:04 | INFO     | app.data.data_manager: [boletoartistas] carregado do Parquet (138608 linhas)
2025-06-18 08:57:04 | INFO     | app.data.modulobase: [modulobase] Inad – casas (16191, 12) | artistas (138608, 5)
2025-06-18 08:57:04 | INFO     | app.data.data_manager: carregando pessoas…
2025-06-18 08:57:04 | INFO     | app.data.data_manager: [pessoas] carregado do Parquet (94 linhas)
2025-06-18 08:57:04 | INFO     | app.data.modulobase: [modulobase] Pessoas carregada: (94, 40)
2025-06-18 08:57:04 | INFO     | app.data.data_manager: carregando npsartistas…
2025-06-18 08:57:04 | INFO     | app.data.data_manager: [npsartistas] carregado do Parquet (259 linhas)
2025-06-18 08:57:04 | INFO     | app.data.modulobase: [modulobase] NPSArtistas carregado: (259, 8)
2025-06-18 08:57:09 | INFO     | app.utils.mem_utils: [mem] inicio: 414.6 MB
2025-06-18 08:57:09 | INFO     | app.core.main: Carregando bases do Supabase…
2025-06-18 08:57:09 | INFO     | app.utils.mem_utils: [mem] antes_bases: 414.6 MB
2025-06-18 08:57:09 | INFO     | app.utils.mem_utils: [mem] apos_df_eshows: 414.6 MB
2025-06-18 08:57:09 | INFO     | app.utils.mem_utils: [mem] apos_df_base2: 414.6 MB
2025-06-18 08:57:09 | INFO     | app.utils.mem_utils: [mem] apos_df_ocorrencias: 414.6 MB
2025-06-18 08:57:09 | INFO     | app.core.main: Bases carregadas com sucesso.
2025-06-18 08:57:09 | INFO     | app.utils.mem_utils: [mem] bases_carregadas: 414.6 MB
2025-06-18 08:58:18 | INFO     | app.data.column_mapping: column_mapping importado.
2025-06-18 08:58:18 | INFO     | app.data.data_manager: Cliente Supabase inicializado.
2025-06-18 08:58:18 | INFO     | app.data.data_manager: carregando baseeshows…
2025-06-18 08:58:19 | INFO     | app.data.data_manager: [baseeshows] carregado do Parquet (205672 linhas)
2025-06-18 08:58:19 | INFO     | app.data.modulobase: [BaseEshows] Linhas finais: 205665 | Excluídas: 7
2025-06-18 08:58:19 | INFO     | app.data.data_manager: carregando base2…
2025-06-18 08:58:19 | INFO     | app.data.data_manager: [base2] carregado do Parquet (37 linhas)
2025-06-18 08:58:19 | INFO     | app.data.modulobase: [modulobase] Base2 carregada: (36, 56)
2025-06-18 08:58:19 | INFO     | app.data.data_manager: carregando ocorrencias…
2025-06-18 08:58:19 | WARNING  | app.data.data_manager: [ocorrencias] Parquet cache vazio, removendo...
2025-06-18 08:58:20 | ERROR    | app.data.data_manager: [ocorrencias] página 1: relation "public.ocorrencias" does not exist
2025-06-18 08:58:20 | ERROR    | app.data.data_manager: [ocorrencias] Fetch retornou vazio!
2025-06-18 08:58:20 | INFO     | app.data.data_manager: carregando boletocasas…
2025-06-18 08:58:20 | INFO     | app.data.data_manager: [boletocasas] carregado do Parquet (16191 linhas)
2025-06-18 08:58:20 | INFO     | app.data.data_manager: carregando boletoartistas…
2025-06-18 08:58:20 | INFO     | app.data.data_manager: [boletoartistas] carregado do Parquet (138608 linhas)
2025-06-18 08:58:20 | INFO     | app.data.modulobase: [modulobase] Inad – casas (16191, 12) | artistas (138608, 5)
2025-06-18 08:58:20 | INFO     | app.data.data_manager: carregando pessoas…
2025-06-18 08:58:20 | INFO     | app.data.data_manager: [pessoas] carregado do Parquet (94 linhas)
2025-06-18 08:58:20 | INFO     | app.data.modulobase: [modulobase] Pessoas carregada: (94, 40)
2025-06-18 08:58:20 | INFO     | app.data.data_manager: carregando npsartistas…
2025-06-18 08:58:20 | INFO     | app.data.data_manager: [npsartistas] carregado do Parquet (259 linhas)
2025-06-18 08:58:20 | INFO     | app.data.modulobase: [modulobase] NPSArtistas carregado: (259, 8)
2025-06-18 08:58:25 | INFO     | app.utils.mem_utils: [mem] inicio: 422.7 MB
2025-06-18 08:58:25 | INFO     | app.core.main: Carregando bases do Supabase…
2025-06-18 08:58:25 | INFO     | app.utils.mem_utils: [mem] antes_bases: 422.7 MB
2025-06-18 08:58:25 | INFO     | app.utils.mem_utils: [mem] apos_df_eshows: 422.7 MB
2025-06-18 08:58:25 | INFO     | app.utils.mem_utils: [mem] apos_df_base2: 422.7 MB
2025-06-18 08:58:25 | INFO     | app.utils.mem_utils: [mem] apos_df_ocorrencias: 422.7 MB
2025-06-18 08:58:25 | INFO     | app.core.main: Bases carregadas com sucesso.
2025-06-18 08:58:25 | INFO     | app.utils.mem_utils: [mem] bases_carregadas: 422.7 MB
2025-06-18 08:58:25 | INFO     | app.core.main: Coleta de lixo executada.
2025-06-18 08:59:18 | INFO     | app.data.column_mapping: column_mapping importado.
2025-06-18 08:59:18 | INFO     | app.data.data_manager: Cliente Supabase inicializado.
2025-06-18 08:59:18 | INFO     | app.data.data_manager: carregando baseeshows…
2025-06-18 08:59:18 | INFO     | app.data.data_manager: [baseeshows] carregado do Parquet (205672 linhas)
2025-06-18 08:59:19 | INFO     | app.data.modulobase: [BaseEshows] Linhas finais: 205665 | Excluídas: 7
2025-06-18 08:59:19 | INFO     | app.data.data_manager: carregando base2…
2025-06-18 08:59:19 | INFO     | app.data.data_manager: [base2] carregado do Parquet (37 linhas)
2025-06-18 08:59:19 | INFO     | app.data.modulobase: [modulobase] Base2 carregada: (36, 56)
2025-06-18 08:59:19 | INFO     | app.data.data_manager: carregando ocorrencias…
2025-06-18 08:59:19 | WARNING  | app.data.data_manager: [ocorrencias] Parquet cache vazio, removendo...
2025-06-18 08:59:19 | ERROR    | app.data.data_manager: [ocorrencias] página 1: relation "public.ocorrencias" does not exist
2025-06-18 08:59:19 | ERROR    | app.data.data_manager: [ocorrencias] Fetch retornou vazio!
2025-06-18 08:59:19 | INFO     | app.data.data_manager: carregando boletocasas…
2025-06-18 08:59:19 | INFO     | app.data.data_manager: [boletocasas] carregado do Parquet (16191 linhas)
2025-06-18 08:59:19 | INFO     | app.data.data_manager: carregando boletoartistas…
2025-06-18 08:59:20 | INFO     | app.data.data_manager: [boletoartistas] carregado do Parquet (138608 linhas)
2025-06-18 08:59:20 | INFO     | app.data.modulobase: [modulobase] Inad – casas (16191, 12) | artistas (138608, 5)
2025-06-18 08:59:20 | INFO     | app.data.data_manager: carregando pessoas…
2025-06-18 08:59:20 | INFO     | app.data.data_manager: [pessoas] carregado do Parquet (94 linhas)
2025-06-18 08:59:20 | INFO     | app.data.modulobase: [modulobase] Pessoas carregada: (94, 40)
2025-06-18 08:59:20 | INFO     | app.data.data_manager: carregando npsartistas…
2025-06-18 08:59:20 | INFO     | app.data.data_manager: [npsartistas] carregado do Parquet (259 linhas)
2025-06-18 08:59:20 | INFO     | app.data.modulobase: [modulobase] NPSArtistas carregado: (259, 8)
2025-06-18 08:59:24 | INFO     | app.utils.mem_utils: [mem] inicio: 402.9 MB
2025-06-18 08:59:24 | INFO     | app.core.main: Carregando bases do Supabase…
2025-06-18 08:59:24 | INFO     | app.utils.mem_utils: [mem] antes_bases: 402.9 MB
2025-06-18 08:59:24 | INFO     | app.utils.mem_utils: [mem] apos_df_eshows: 402.9 MB
2025-06-18 08:59:24 | INFO     | app.utils.mem_utils: [mem] apos_df_base2: 402.9 MB
2025-06-18 08:59:24 | INFO     | app.utils.mem_utils: [mem] apos_df_ocorrencias: 402.9 MB
2025-06-18 08:59:24 | INFO     | app.core.main: Bases carregadas com sucesso.
2025-06-18 08:59:24 | INFO     | app.utils.mem_utils: [mem] bases_carregadas: 402.9 MB
2025-06-18 08:59:24 | INFO     | app.core.main: Coleta de lixo executada.
2025-06-18 09:00:46 | INFO     | app.data.column_mapping: column_mapping importado.
2025-06-18 09:00:46 | INFO     | app.data.data_manager: Cliente Supabase inicializado.
2025-06-18 09:00:47 | INFO     | app.data.data_manager: carregando baseeshows…
2025-06-18 09:00:47 | INFO     | app.data.data_manager: [baseeshows] carregado do Parquet (205672 linhas)
2025-06-18 09:00:47 | INFO     | app.data.modulobase: [BaseEshows] Linhas finais: 205665 | Excluídas: 7
2025-06-18 09:00:47 | INFO     | app.data.data_manager: carregando base2…
2025-06-18 09:00:47 | INFO     | app.data.data_manager: [base2] carregado do Parquet (37 linhas)
2025-06-18 09:00:47 | INFO     | app.data.modulobase: [modulobase] Base2 carregada: (36, 56)
2025-06-18 09:00:47 | INFO     | app.data.data_manager: carregando ocorrencias…
2025-06-18 09:00:47 | WARNING  | app.data.data_manager: [ocorrencias] Parquet cache vazio, removendo...
2025-06-18 09:00:48 | ERROR    | app.data.data_manager: [ocorrencias] página 1: relation "public.ocorrencias" does not exist
2025-06-18 09:00:48 | ERROR    | app.data.data_manager: [ocorrencias] Fetch retornou vazio!
2025-06-18 09:00:48 | INFO     | app.data.data_manager: carregando boletocasas…
2025-06-18 09:00:48 | INFO     | app.data.data_manager: [boletocasas] carregado do Parquet (16191 linhas)
2025-06-18 09:00:48 | INFO     | app.data.data_manager: carregando boletoartistas…
2025-06-18 09:00:48 | INFO     | app.data.data_manager: [boletoartistas] carregado do Parquet (138608 linhas)
2025-06-18 09:00:48 | INFO     | app.data.modulobase: [modulobase] Inad – casas (16191, 12) | artistas (138608, 5)
2025-06-18 09:00:48 | INFO     | app.data.data_manager: carregando pessoas…
2025-06-18 09:00:48 | INFO     | app.data.data_manager: [pessoas] carregado do Parquet (94 linhas)
2025-06-18 09:00:48 | INFO     | app.data.modulobase: [modulobase] Pessoas carregada: (94, 40)
2025-06-18 09:00:48 | INFO     | app.data.data_manager: carregando npsartistas…
2025-06-18 09:00:48 | INFO     | app.data.data_manager: [npsartistas] carregado do Parquet (259 linhas)
2025-06-18 09:00:48 | INFO     | app.data.modulobase: [modulobase] NPSArtistas carregado: (259, 8)
2025-06-18 09:00:53 | INFO     | app.utils.mem_utils: [mem] inicio: 397.4 MB
2025-06-18 09:00:53 | INFO     | app.core.main: Carregando bases do Supabase…
2025-06-18 09:00:53 | INFO     | app.utils.mem_utils: [mem] antes_bases: 397.4 MB
2025-06-18 09:00:53 | INFO     | app.utils.mem_utils: [mem] apos_df_eshows: 397.4 MB
2025-06-18 09:00:53 | INFO     | app.utils.mem_utils: [mem] apos_df_base2: 397.4 MB
2025-06-18 09:00:53 | INFO     | app.utils.mem_utils: [mem] apos_df_ocorrencias: 397.4 MB
2025-06-18 09:00:53 | INFO     | app.core.main: Bases carregadas com sucesso.
2025-06-18 09:00:53 | INFO     | app.utils.mem_utils: [mem] bases_carregadas: 397.4 MB
2025-06-18 09:00:53 | INFO     | app.core.main: Coleta de lixo executada.
2025-06-18 09:01:18 | INFO     | app.data.column_mapping: column_mapping importado.
2025-06-18 09:01:19 | INFO     | app.data.data_manager: Cliente Supabase inicializado.
2025-06-18 09:01:19 | INFO     | app.data.data_manager: carregando baseeshows…
2025-06-18 09:01:19 | INFO     | app.data.data_manager: [baseeshows] carregado do Parquet (205672 linhas)
2025-06-18 09:01:20 | INFO     | app.data.modulobase: [BaseEshows] Linhas finais: 205665 | Excluídas: 7
2025-06-18 09:01:20 | INFO     | app.data.data_manager: carregando base2…
2025-06-18 09:01:20 | INFO     | app.data.data_manager: [base2] carregado do Parquet (37 linhas)
2025-06-18 09:01:20 | INFO     | app.data.modulobase: [modulobase] Base2 carregada: (36, 56)
2025-06-18 09:01:20 | INFO     | app.data.data_manager: carregando ocorrencias…
2025-06-18 09:01:20 | WARNING  | app.data.data_manager: [ocorrencias] Parquet cache vazio, removendo...
2025-06-18 09:01:20 | ERROR    | app.data.data_manager: [ocorrencias] página 1: relation "public.ocorrencias" does not exist
2025-06-18 09:01:20 | ERROR    | app.data.data_manager: [ocorrencias] Fetch retornou vazio!
2025-06-18 09:01:20 | INFO     | app.data.data_manager: carregando boletocasas…
2025-06-18 09:01:20 | INFO     | app.data.data_manager: [boletocasas] carregado do Parquet (16191 linhas)
2025-06-18 09:01:20 | INFO     | app.data.data_manager: carregando boletoartistas…
2025-06-18 09:01:20 | INFO     | app.data.data_manager: [boletoartistas] carregado do Parquet (138608 linhas)
2025-06-18 09:01:20 | INFO     | app.data.modulobase: [modulobase] Inad – casas (16191, 12) | artistas (138608, 5)
2025-06-18 09:01:20 | INFO     | app.data.data_manager: carregando pessoas…
2025-06-18 09:01:20 | INFO     | app.data.data_manager: [pessoas] carregado do Parquet (94 linhas)
2025-06-18 09:01:20 | INFO     | app.data.modulobase: [modulobase] Pessoas carregada: (94, 40)
2025-06-18 09:01:20 | INFO     | app.data.data_manager: carregando npsartistas…
2025-06-18 09:01:20 | INFO     | app.data.data_manager: [npsartistas] carregado do Parquet (259 linhas)
2025-06-18 09:01:20 | INFO     | app.data.modulobase: [modulobase] NPSArtistas carregado: (259, 8)
2025-06-18 09:01:25 | INFO     | app.utils.mem_utils: [mem] inicio: 414.0 MB
2025-06-18 09:01:25 | INFO     | app.core.main: Carregando bases do Supabase…
2025-06-18 09:01:25 | INFO     | app.utils.mem_utils: [mem] antes_bases: 414.0 MB
2025-06-18 09:01:25 | INFO     | app.utils.mem_utils: [mem] apos_df_eshows: 414.0 MB
2025-06-18 09:01:25 | INFO     | app.utils.mem_utils: [mem] apos_df_base2: 414.0 MB
2025-06-18 09:01:25 | INFO     | app.utils.mem_utils: [mem] apos_df_ocorrencias: 414.0 MB
2025-06-18 09:01:25 | INFO     | app.core.main: Bases carregadas com sucesso.
2025-06-18 09:01:25 | INFO     | app.utils.mem_utils: [mem] bases_carregadas: 414.0 MB
2025-06-18 09:01:25 | INFO     | app.core.main: Coleta de lixo executada.
2025-06-18 09:02:23 | INFO     | app.data.column_mapping: column_mapping importado.
2025-06-18 09:02:23 | INFO     | app.data.data_manager: Cliente Supabase inicializado.
2025-06-18 09:02:23 | INFO     | app.data.data_manager: carregando baseeshows…
2025-06-18 09:02:23 | INFO     | app.data.data_manager: [baseeshows] carregado do Parquet (205672 linhas)
2025-06-18 09:02:24 | INFO     | app.data.modulobase: [BaseEshows] Linhas finais: 205665 | Excluídas: 7
2025-06-18 09:02:24 | INFO     | app.data.data_manager: carregando base2…
2025-06-18 09:02:24 | INFO     | app.data.data_manager: [base2] carregado do Parquet (37 linhas)
2025-06-18 09:02:24 | INFO     | app.data.modulobase: [modulobase] Base2 carregada: (36, 56)
2025-06-18 09:02:24 | INFO     | app.data.data_manager: carregando ocorrencias…
2025-06-18 09:02:24 | WARNING  | app.data.data_manager: [ocorrencias] Parquet cache vazio, removendo...
2025-06-18 09:02:25 | ERROR    | app.data.data_manager: [ocorrencias] página 1: relation "public.ocorrencias" does not exist
2025-06-18 09:02:25 | ERROR    | app.data.data_manager: [ocorrencias] Fetch retornou vazio!
2025-06-18 09:02:25 | INFO     | app.data.data_manager: carregando boletocasas…
2025-06-18 09:02:25 | INFO     | app.data.data_manager: [boletocasas] carregado do Parquet (16191 linhas)
2025-06-18 09:02:25 | INFO     | app.data.data_manager: carregando boletoartistas…
2025-06-18 09:02:25 | INFO     | app.data.data_manager: [boletoartistas] carregado do Parquet (138608 linhas)
2025-06-18 09:02:25 | INFO     | app.data.modulobase: [modulobase] Inad – casas (16191, 12) | artistas (138608, 5)
2025-06-18 09:02:25 | INFO     | app.data.data_manager: carregando pessoas…
2025-06-18 09:02:25 | INFO     | app.data.data_manager: [pessoas] carregado do Parquet (94 linhas)
2025-06-18 09:02:25 | INFO     | app.data.modulobase: [modulobase] Pessoas carregada: (94, 40)
2025-06-18 09:02:25 | INFO     | app.data.data_manager: carregando npsartistas…
2025-06-18 09:02:25 | INFO     | app.data.data_manager: [npsartistas] carregado do Parquet (259 linhas)
2025-06-18 09:02:25 | INFO     | app.data.modulobase: [modulobase] NPSArtistas carregado: (259, 8)
2025-06-18 09:02:30 | INFO     | app.utils.mem_utils: [mem] inicio: 419.4 MB
2025-06-18 09:02:30 | INFO     | app.core.main: Carregando bases do Supabase…
2025-06-18 09:02:30 | INFO     | app.utils.mem_utils: [mem] antes_bases: 419.4 MB
2025-06-18 09:02:30 | INFO     | app.utils.mem_utils: [mem] apos_df_eshows: 419.4 MB
2025-06-18 09:02:30 | INFO     | app.utils.mem_utils: [mem] apos_df_base2: 419.4 MB
2025-06-18 09:02:30 | INFO     | app.utils.mem_utils: [mem] apos_df_ocorrencias: 419.4 MB
2025-06-18 09:02:30 | INFO     | app.core.main: Bases carregadas com sucesso.
2025-06-18 09:02:30 | INFO     | app.utils.mem_utils: [mem] bases_carregadas: 419.4 MB
2025-06-18 09:02:30 | INFO     | app.core.main: Coleta de lixo executada.
2025-06-18 09:04:42 | INFO     | app.data.column_mapping: column_mapping importado.
2025-06-18 09:04:43 | INFO     | app.data.data_manager: Cliente Supabase inicializado.
2025-06-18 09:04:43 | INFO     | app.data.data_manager: carregando baseeshows…
2025-06-18 09:04:43 | INFO     | app.data.data_manager: [baseeshows] carregado do Parquet (205672 linhas)
2025-06-18 09:04:44 | INFO     | app.data.modulobase: [BaseEshows] Linhas finais: 205665 | Excluídas: 7
2025-06-18 09:04:44 | INFO     | app.data.data_manager: carregando base2…
2025-06-18 09:04:44 | INFO     | app.data.data_manager: [base2] carregado do Parquet (37 linhas)
2025-06-18 09:04:44 | INFO     | app.data.modulobase: [modulobase] Base2 carregada: (36, 56)
2025-06-18 09:04:44 | INFO     | app.data.data_manager: carregando ocorrencias…
2025-06-18 09:04:44 | WARNING  | app.data.data_manager: [ocorrencias] Parquet cache vazio, removendo...
2025-06-18 09:04:44 | ERROR    | app.data.data_manager: [ocorrencias] página 1: relation "public.ocorrencias" does not exist
2025-06-18 09:04:44 | ERROR    | app.data.data_manager: [ocorrencias] Fetch retornou vazio!
2025-06-18 09:04:44 | INFO     | app.data.data_manager: carregando boletocasas…
2025-06-18 09:04:44 | INFO     | app.data.data_manager: [boletocasas] carregado do Parquet (16191 linhas)
2025-06-18 09:04:44 | INFO     | app.data.data_manager: carregando boletoartistas…
2025-06-18 09:04:44 | INFO     | app.data.data_manager: [boletoartistas] carregado do Parquet (138608 linhas)
2025-06-18 09:04:44 | INFO     | app.data.modulobase: [modulobase] Inad – casas (16191, 12) | artistas (138608, 5)
2025-06-18 09:04:44 | INFO     | app.data.data_manager: carregando pessoas…
2025-06-18 09:04:44 | INFO     | app.data.data_manager: [pessoas] carregado do Parquet (94 linhas)
2025-06-18 09:04:44 | INFO     | app.data.modulobase: [modulobase] Pessoas carregada: (94, 40)
2025-06-18 09:04:44 | INFO     | app.data.data_manager: carregando npsartistas…
2025-06-18 09:04:44 | INFO     | app.data.data_manager: [npsartistas] carregado do Parquet (259 linhas)
2025-06-18 09:04:44 | INFO     | app.data.modulobase: [modulobase] NPSArtistas carregado: (259, 8)
2025-06-18 09:04:49 | INFO     | app.utils.mem_utils: [mem] inicio: 428.6 MB
2025-06-18 09:04:49 | INFO     | app.core.main: Carregando bases do Supabase…
2025-06-18 09:04:49 | INFO     | app.utils.mem_utils: [mem] antes_bases: 428.6 MB
2025-06-18 09:04:49 | INFO     | app.utils.mem_utils: [mem] apos_df_eshows: 428.6 MB
2025-06-18 09:04:49 | INFO     | app.utils.mem_utils: [mem] apos_df_base2: 428.6 MB
2025-06-18 09:04:49 | INFO     | app.utils.mem_utils: [mem] apos_df_ocorrencias: 428.6 MB
2025-06-18 09:04:49 | INFO     | app.core.main: Bases carregadas com sucesso.
2025-06-18 09:04:49 | INFO     | app.utils.mem_utils: [mem] bases_carregadas: 428.6 MB
2025-06-18 09:04:49 | INFO     | app.core.main: Coleta de lixo executada.
2025-06-18 09:06:23 | INFO     | app.data.column_mapping: column_mapping importado.
2025-06-18 09:06:24 | INFO     | app.data.data_manager: Cliente Supabase inicializado.
2025-06-18 09:06:24 | INFO     | app.data.data_manager: carregando baseeshows…
2025-06-18 09:06:24 | INFO     | app.data.data_manager: [baseeshows] carregado do Parquet (205672 linhas)
2025-06-18 09:06:25 | INFO     | app.data.modulobase: [BaseEshows] Linhas finais: 205665 | Excluídas: 7
2025-06-18 09:06:25 | INFO     | app.data.data_manager: carregando base2…
2025-06-18 09:06:25 | INFO     | app.data.data_manager: [base2] carregado do Parquet (37 linhas)
2025-06-18 09:06:25 | INFO     | app.data.modulobase: [modulobase] Base2 carregada: (36, 56)
2025-06-18 09:06:25 | INFO     | app.data.data_manager: carregando ocorrencias…
2025-06-18 09:06:25 | WARNING  | app.data.data_manager: [ocorrencias] Parquet cache vazio, removendo...
2025-06-18 09:06:25 | ERROR    | app.data.data_manager: [ocorrencias] página 1: relation "public.ocorrencias" does not exist
2025-06-18 09:06:25 | ERROR    | app.data.data_manager: [ocorrencias] Fetch retornou vazio!
2025-06-18 09:06:25 | INFO     | app.data.data_manager: carregando boletocasas…
2025-06-18 09:06:25 | INFO     | app.data.data_manager: [boletocasas] carregado do Parquet (16191 linhas)
2025-06-18 09:06:25 | INFO     | app.data.data_manager: carregando boletoartistas…
2025-06-18 09:06:25 | INFO     | app.data.data_manager: [boletoartistas] carregado do Parquet (138608 linhas)
2025-06-18 09:06:25 | INFO     | app.data.modulobase: [modulobase] Inad – casas (16191, 12) | artistas (138608, 5)
2025-06-18 09:06:25 | INFO     | app.data.data_manager: carregando pessoas…
2025-06-18 09:06:25 | INFO     | app.data.data_manager: [pessoas] carregado do Parquet (94 linhas)
2025-06-18 09:06:25 | INFO     | app.data.modulobase: [modulobase] Pessoas carregada: (94, 40)
2025-06-18 09:06:25 | INFO     | app.data.data_manager: carregando npsartistas…
2025-06-18 09:06:25 | INFO     | app.data.data_manager: [npsartistas] carregado do Parquet (259 linhas)
2025-06-18 09:06:25 | INFO     | app.data.modulobase: [modulobase] NPSArtistas carregado: (259, 8)
2025-06-18 09:06:30 | INFO     | app.utils.mem_utils: [mem] inicio: 426.2 MB
2025-06-18 09:06:30 | INFO     | app.core.main: Carregando bases do Supabase…
2025-06-18 09:06:30 | INFO     | app.utils.mem_utils: [mem] antes_bases: 426.2 MB
2025-06-18 09:06:30 | INFO     | app.utils.mem_utils: [mem] apos_df_eshows: 426.2 MB
2025-06-18 09:06:30 | INFO     | app.utils.mem_utils: [mem] apos_df_base2: 426.2 MB
2025-06-18 09:06:30 | INFO     | app.utils.mem_utils: [mem] apos_df_ocorrencias: 426.2 MB
2025-06-18 09:06:30 | INFO     | app.core.main: Bases carregadas com sucesso.
2025-06-18 09:06:30 | INFO     | app.utils.mem_utils: [mem] bases_carregadas: 426.2 MB
2025-06-18 09:06:30 | INFO     | app.core.main: Coleta de lixo executada.
2025-06-18 09:07:40 | INFO     | app.data.column_mapping: column_mapping importado.
2025-06-18 09:07:40 | INFO     | app.data.data_manager: Cliente Supabase inicializado.
2025-06-18 09:07:40 | INFO     | app.data.data_manager: carregando baseeshows…
2025-06-18 09:07:40 | INFO     | app.data.data_manager: [baseeshows] carregado do Parquet (205672 linhas)
2025-06-18 09:07:41 | INFO     | app.data.modulobase: [BaseEshows] Linhas finais: 205665 | Excluídas: 7
2025-06-18 09:07:41 | INFO     | app.data.data_manager: carregando base2…
2025-06-18 09:07:41 | INFO     | app.data.data_manager: [base2] carregado do Parquet (37 linhas)
2025-06-18 09:07:41 | INFO     | app.data.modulobase: [modulobase] Base2 carregada: (36, 56)
2025-06-18 09:07:41 | INFO     | app.data.data_manager: carregando ocorrencias…
2025-06-18 09:07:41 | WARNING  | app.data.data_manager: [ocorrencias] Parquet cache vazio, removendo...
2025-06-18 09:07:41 | ERROR    | app.data.data_manager: [ocorrencias] página 1: relation "public.ocorrencias" does not exist
2025-06-18 09:07:41 | ERROR    | app.data.data_manager: [ocorrencias] Fetch retornou vazio!
2025-06-18 09:07:41 | INFO     | app.data.data_manager: carregando boletocasas…
2025-06-18 09:07:41 | INFO     | app.data.data_manager: [boletocasas] carregado do Parquet (16191 linhas)
2025-06-18 09:07:41 | INFO     | app.data.data_manager: carregando boletoartistas…
2025-06-18 09:07:42 | INFO     | app.data.data_manager: [boletoartistas] carregado do Parquet (138608 linhas)
2025-06-18 09:07:42 | INFO     | app.data.modulobase: [modulobase] Inad – casas (16191, 12) | artistas (138608, 5)
2025-06-18 09:07:42 | INFO     | app.data.data_manager: carregando pessoas…
2025-06-18 09:07:42 | INFO     | app.data.data_manager: [pessoas] carregado do Parquet (94 linhas)
2025-06-18 09:07:42 | INFO     | app.data.modulobase: [modulobase] Pessoas carregada: (94, 40)
2025-06-18 09:07:42 | INFO     | app.data.data_manager: carregando npsartistas…
2025-06-18 09:07:42 | INFO     | app.data.data_manager: [npsartistas] carregado do Parquet (259 linhas)
2025-06-18 09:07:42 | INFO     | app.data.modulobase: [modulobase] NPSArtistas carregado: (259, 8)
2025-06-18 09:07:46 | INFO     | app.utils.mem_utils: [mem] inicio: 427.3 MB
2025-06-18 09:07:46 | INFO     | app.core.main: Carregando bases do Supabase…
2025-06-18 09:07:46 | INFO     | app.utils.mem_utils: [mem] antes_bases: 427.3 MB
2025-06-18 09:07:46 | INFO     | app.utils.mem_utils: [mem] apos_df_eshows: 427.3 MB
2025-06-18 09:07:46 | INFO     | app.utils.mem_utils: [mem] apos_df_base2: 427.3 MB
2025-06-18 09:07:46 | INFO     | app.utils.mem_utils: [mem] apos_df_ocorrencias: 427.3 MB
2025-06-18 09:07:46 | INFO     | app.core.main: Bases carregadas com sucesso.
2025-06-18 09:07:46 | INFO     | app.utils.mem_utils: [mem] bases_carregadas: 427.3 MB
2025-06-18 09:07:46 | INFO     | app.core.main: Coleta de lixo executada.
2025-06-18 09:07:47 | INFO     | dash.dash: Dash is running on http://0.0.0.0:8050/

2025-06-18 09:07:48 | INFO     | app.data.column_mapping: column_mapping importado.
2025-06-18 09:07:49 | INFO     | app.data.data_manager: Cliente Supabase inicializado.
2025-06-18 09:07:49 | INFO     | app.data.data_manager: carregando baseeshows…
2025-06-18 09:07:49 | INFO     | app.data.data_manager: [baseeshows] carregado do Parquet (205672 linhas)
2025-06-18 09:07:50 | INFO     | app.data.modulobase: [BaseEshows] Linhas finais: 205665 | Excluídas: 7
2025-06-18 09:07:50 | INFO     | app.data.data_manager: carregando base2…
2025-06-18 09:07:50 | INFO     | app.data.data_manager: [base2] carregado do Parquet (37 linhas)
2025-06-18 09:07:50 | INFO     | app.data.modulobase: [modulobase] Base2 carregada: (36, 56)
2025-06-18 09:07:50 | INFO     | app.data.data_manager: carregando ocorrencias…
2025-06-18 09:07:50 | WARNING  | app.data.data_manager: [ocorrencias] Parquet cache vazio, removendo...
2025-06-18 09:07:50 | ERROR    | app.data.data_manager: [ocorrencias] página 1: relation "public.ocorrencias" does not exist
2025-06-18 09:07:50 | ERROR    | app.data.data_manager: [ocorrencias] Fetch retornou vazio!
2025-06-18 09:07:50 | INFO     | app.data.data_manager: carregando boletocasas…
2025-06-18 09:07:50 | INFO     | app.data.data_manager: [boletocasas] carregado do Parquet (16191 linhas)
2025-06-18 09:07:50 | INFO     | app.data.data_manager: carregando boletoartistas…
2025-06-18 09:07:50 | INFO     | app.data.data_manager: [boletoartistas] carregado do Parquet (138608 linhas)
2025-06-18 09:07:50 | INFO     | app.data.modulobase: [modulobase] Inad – casas (16191, 12) | artistas (138608, 5)
2025-06-18 09:07:50 | INFO     | app.data.data_manager: carregando pessoas…
2025-06-18 09:07:50 | INFO     | app.data.data_manager: [pessoas] carregado do Parquet (94 linhas)
2025-06-18 09:07:50 | INFO     | app.data.modulobase: [modulobase] Pessoas carregada: (94, 40)
2025-06-18 09:07:50 | INFO     | app.data.data_manager: carregando npsartistas…
2025-06-18 09:07:50 | INFO     | app.data.data_manager: [npsartistas] carregado do Parquet (259 linhas)
2025-06-18 09:07:50 | INFO     | app.data.modulobase: [modulobase] NPSArtistas carregado: (259, 8)
2025-06-18 09:07:55 | INFO     | app.utils.mem_utils: [mem] inicio: 420.9 MB
2025-06-18 09:07:55 | INFO     | app.core.main: Carregando bases do Supabase…
2025-06-18 09:07:55 | INFO     | app.utils.mem_utils: [mem] antes_bases: 420.9 MB
2025-06-18 09:07:55 | INFO     | app.utils.mem_utils: [mem] apos_df_eshows: 420.9 MB
2025-06-18 09:07:55 | INFO     | app.utils.mem_utils: [mem] apos_df_base2: 420.9 MB
2025-06-18 09:07:55 | INFO     | app.utils.mem_utils: [mem] apos_df_ocorrencias: 420.9 MB
2025-06-18 09:07:55 | INFO     | app.core.main: Bases carregadas com sucesso.
2025-06-18 09:07:55 | INFO     | app.utils.mem_utils: [mem] bases_carregadas: 420.9 MB
2025-06-18 09:07:55 | INFO     | app.core.main: Coleta de lixo executada.
